[19:22:55] [main/INFO]: Using mbed TLS based native cipher.
[19:22:55] [main/INFO]: Using zlib based native compressor.
[19:22:55] [main/INFO]: Enabled Waterfall version git:Waterfall-Bootstrap:1.19-R0.1-SNAPSHOT:f6069e2:513
[19:22:55] [main/INFO]: Not on Windows, attempting to use enhanced EpollEventLoop
[19:22:55] [main/INFO]: Epoll is working, utilising it!
[19:22:55] [main/INFO]: Discovered module: ModuleSpec(name=cmd_alert, file=modules/cmd_alert.jar, provider=JenkinsModuleSource())
[19:22:55] [main/INFO]: Discovered module: ModuleSpec(name=cmd_find, file=modules/cmd_find.jar, provider=JenkinsModuleSource())
[19:22:55] [main/INFO]: Discovered module: ModuleSpec(name=cmd_list, file=modules/cmd_list.jar, provider=JenkinsModuleSource())
[19:22:55] [main/INFO]: Discovered module: ModuleSpec(name=cmd_send, file=modules/cmd_send.jar, provider=JenkinsModuleSource())
[19:22:55] [main/INFO]: Discovered module: ModuleSpec(name=cmd_server, file=modules/cmd_server.jar, provider=JenkinsModuleSource())
[19:22:55] [main/INFO]: Discovered module: ModuleSpec(name=reconnect_yaml, file=modules/reconnect_yaml.jar, provider=JenkinsModuleSource())
[19:22:55] [main/INFO]: Loaded plugin reconnect_yaml version git:reconnect_yaml:1.19-R0.1-SNAPSHOT:f6069e2:513 by WaterfallMC
[19:22:55] [main/INFO]: Loaded plugin cmd_find version git:cmd_find:1.19-R0.1-SNAPSHOT:f6069e2:513 by WaterfallMC
[19:22:55] [main/INFO]: Loaded plugin cmd_server version git:cmd_server:1.19-R0.1-SNAPSHOT:f6069e2:513 by WaterfallMC
[19:22:55] [main/INFO]: Loaded plugin cmd_alert version git:cmd_alert:1.19-R0.1-SNAPSHOT:f6069e2:513 by WaterfallMC
[19:22:55] [main/INFO]: Loaded plugin cmd_send version git:cmd_send:1.19-R0.1-SNAPSHOT:f6069e2:513 by WaterfallMC
[19:22:55] [main/INFO]: Loaded plugin cmd_list version git:cmd_list:1.19-R0.1-SNAPSHOT:f6069e2:513 by WaterfallMC
[19:22:55] [main/WARN]: :>:>:>:>:>:>:>:>:>:>:>:>:>:>:>:>:>:>:>:>:>:>:>
[19:22:55] [main/WARN]: :>  
[19:22:55] [main/WARN]: :>      EAGLERCRAFTXBUNGEE WARNING:
[19:22:55] [main/WARN]: :>  
[19:22:55] [main/WARN]: :>  This plugin wasn't tested to be 'working'
[19:22:55] [main/WARN]: :>  with ANY version of BungeeCord (and forks)
[19:22:55] [main/WARN]: :>  apart from the versions listed below:
[19:22:55] [main/WARN]: :>  
[19:22:55] [main/WARN]: :>  - BungeeCord: 1.20-R0.2-SNAPSHOT:231024b:1777
[19:22:55] [main/WARN]: :>  - Waterfall: 1.20-R0.2-SNAPSHOT:d85fe36:556
[19:22:55] [main/WARN]: :>  - FlameCord: 1.1.1
[19:22:55] [main/WARN]: :>  
[19:22:55] [main/WARN]: :>  This is not a Bukkit/Spigot plugin!
[19:22:55] [main/WARN]: :>  
[19:22:55] [main/WARN]: :>  Use "-Deaglerxbungee.stfu=true" to hide
[19:22:55] [main/WARN]: :>  
[19:22:55] [main/WARN]: :>:>:>:>:>:>:>:>:>:>:>:>:>:>:>:>:>:>:>:>:>:>:>
[19:22:56] [main/INFO] [EaglercraftXBungee]: Loading vanilla profile: lax1dude
[19:22:57] [Skin Download Thread #1/INFO] [EaglercraftXBungee]: Loaded vanilla profile: lax1dude
[19:22:57] [main/INFO]: Loaded plugin EaglercraftXBungee version 1.0.9 by lax1dude
[19:22:57] [main/WARN]: Forced host server pvp is not defined
[19:22:57] [main/INFO]: Enabled plugin reconnect_yaml version git:reconnect_yaml:1.19-R0.1-SNAPSHOT:f6069e2:513 by WaterfallMC
[19:22:57] [main/INFO]: Enabled plugin cmd_find version git:cmd_find:1.19-R0.1-SNAPSHOT:f6069e2:513 by WaterfallMC
[19:22:57] [main/INFO]: Enabled plugin cmd_server version git:cmd_server:1.19-R0.1-SNAPSHOT:f6069e2:513 by WaterfallMC
[19:22:57] [main/INFO]: Enabled plugin cmd_alert version git:cmd_alert:1.19-R0.1-SNAPSHOT:f6069e2:513 by WaterfallMC
[19:22:57] [main/INFO]: Enabled plugin cmd_send version git:cmd_send:1.19-R0.1-SNAPSHOT:f6069e2:513 by WaterfallMC
[19:22:57] [main/INFO]: Enabled plugin cmd_list version git:cmd_list:1.19-R0.1-SNAPSHOT:f6069e2:513 by WaterfallMC
[19:22:57] [main/ERROR] [EaglercraftXBungee]: Online mode is set to false! Authentication system has been disabled
[19:22:57] [Netty Worker IO Thread #0/INFO] [EaglercraftXBungee]: Eaglercraft is listening on: /0.0.0.0:8081
[19:22:57] [main/INFO] [EaglercraftXBungee]: Connected to database: jdbc:sqlite:eaglercraft_skins_cache.db
[19:22:57] [main/INFO]: Enabled plugin EaglercraftXBungee version 1.0.9 by lax1dude
[19:22:57] [Netty Boss IO Thread #0/INFO]: Listening on /127.0.0.1:25577
[19:24:11] [Netty Worker IO Thread #0/WARN] [EaglercraftXBungee]: Server icon is not a file: /workspaces/EaglercraftX-Server-/bungee/server-icon.png
[19:24:12] [Netty Worker IO Thread #1/INFO] [EaglercraftXBungee]: [/[0:0:0:0:0:0:0:1%0]:33496]: Connected via websocket
[19:24:12] [Netty Worker IO Thread #1/INFO] [EaglercraftXBungee]: [/[0:0:0:0:0:0:0:1%0]:33496]: Origin header is http://localhost:8081
[19:24:12] [Netty Worker IO Thread #1/INFO] [EaglercraftXBungee]: [/[0:0:0:0:0:0:0:1%0]:33496]: Logged in as 'YeerDeev708_____'
[19:24:12] [Netty Worker IO Thread #1/INFO]: [/[0:0:0:0:0:0:0:1%0]:33496|YeerDeev708_____] -> UpstreamBridge has connected
[19:24:13] [Netty Worker IO Thread #1/INFO]: [YeerDeev708_____|/[0:0:0:0:0:0:0:1%0]:33496] <-> ServerConnector [lobby] has connected
[19:25:01] [Netty Worker IO Thread #1/INFO]: [/[0:0:0:0:0:0:0:1%0]:33496|YeerDeev708_____] -> UpstreamBridge has disconnected
[19:25:01] [Netty Worker IO Thread #1/INFO]: [YeerDeev708_____] disconnected with: Proxy lost connection to server.
[19:25:01] [Netty Worker IO Thread #1/INFO]: [/[0:0:0:0:0:0:0:1%0]:33496|YeerDeev708_____] <-> DownstreamBridge <-> [lobby] has disconnected
